<?xml version="1.0" encoding="UTF-8"?>
<!-- Generated by org.testng.reporters.JUnitXMLReporter -->
<testsuite hostname="INENKAKARCL1C" ignored="0" name="Test" tests="5" failures="0" timestamp="08 Nov 2018 16:30:46 GMT" time="9.206" errors="0">
  <testcase name="fetchBranchData" time="3.47" classname="APITest.GitRepoTest"/>
  <testcase name="fetchBranchData" time="1.214" classname="APITest.GitRepoTest"/>
  <testcase name="fetchBranchData" time="1.199" classname="APITest.GitRepoTest"/>
  <testcase name="fetchBranchName" time="1.206" classname="APITest.GitRepoTest"/>
  <testcase name="fetchBranchByName" time="1.276" classname="APITest.GitRepoTest"/>
</testsuite> <!-- Test -->
