<?xml version="1.0" encoding="UTF-8"?>
<testng-results skipped="0" failed="1" ignored="0" total="2" passed="1">
  <reporter-output>
  </reporter-output>
  <suite name="Default suite" duration-ms="37934" started-at="2019-02-15T07:22:56Z" finished-at="2019-02-15T07:23:34Z">
    <groups>
    </groups>
    <test name="Default test" duration-ms="37934" started-at="2019-02-15T07:22:56Z" finished-at="2019-02-15T07:23:34Z">
      <class name="com.PlivoSDET1.DragTest">
        <test-method status="PASS" signature="initializeTestBaseSetup()[pri:0, instance:com.PlivoSDET1.DragTest@6451e]" name="initializeTestBaseSetup" is-config="true" duration-ms="25761" started-at="2019-02-15T07:22:56Z" finished-at="2019-02-15T07:23:22Z">
          <reporter-output>
          </reporter-output>
        </test-method> <!-- initializeTestBaseSetup -->
        <test-method status="PASS" signature="createAppTest()[pri:0, instance:com.PlivoSDET1.DragTest@6451e]" name="createAppTest" duration-ms="8208" started-at="2019-02-15T07:23:22Z" finished-at="2019-02-15T07:23:30Z">
          <reporter-output>
          </reporter-output>
        </test-method> <!-- createAppTest -->
        <test-method status="FAIL" signature="validSignup()[pri:1, instance:com.PlivoSDET1.DragTest@6451e]" name="validSignup" duration-ms="584" started-at="2019-02-15T07:23:30Z" finished-at="2019-02-15T07:23:31Z">
          <exception class="junit.framework.ComparisonFailure">
            <message>
              <![CDATA[expected:<ChaitanyaTest> but was:<Untitled Page 1>]]>
            </message>
            <full-stacktrace>
              <![CDATA[junit.framework.ComparisonFailure: expected:<ChaitanyaTest> but was:<Untitled Page 1>
at junit.framework.Assert.assertEquals(Assert.java:81)
at junit.framework.Assert.assertEquals(Assert.java:87)
at projUtility.DragNDropPage.verifyCurrentPageName(DragNDropPage.java:99)
at com.PlivoSDET1.DragTest.validSignup(DragTest.java:40)
at sun.reflect.NativeMethodAccessorImpl.invoke0(Native Method)
at sun.reflect.NativeMethodAccessorImpl.invoke(NativeMethodAccessorImpl.java:62)
at sun.reflect.DelegatingMethodAccessorImpl.invoke(DelegatingMethodAccessorImpl.java:43)
at java.lang.reflect.Method.invoke(Method.java:497)
at org.testng.internal.MethodInvocationHelper.invokeMethod(MethodInvocationHelper.java:124)
at org.testng.internal.Invoker.invokeMethod(Invoker.java:580)
at org.testng.internal.Invoker.invokeTestMethod(Invoker.java:716)
at org.testng.internal.Invoker.invokeTestMethods(Invoker.java:988)
at org.testng.internal.TestMethodWorker.invokeTestMethods(TestMethodWorker.java:125)
at org.testng.internal.TestMethodWorker.run(TestMethodWorker.java:109)
at org.testng.TestRunner.privateRun(TestRunner.java:648)
at org.testng.TestRunner.run(TestRunner.java:505)
at org.testng.SuiteRunner.runTest(SuiteRunner.java:455)
at org.testng.SuiteRunner.runSequentially(SuiteRunner.java:450)
at org.testng.SuiteRunner.privateRun(SuiteRunner.java:415)
at org.testng.SuiteRunner.run(SuiteRunner.java:364)
at org.testng.SuiteRunnerWorker.runSuite(SuiteRunnerWorker.java:52)
at org.testng.SuiteRunnerWorker.run(SuiteRunnerWorker.java:84)
at org.testng.TestNG.runSuitesSequentially(TestNG.java:1208)
at org.testng.TestNG.runSuitesLocally(TestNG.java:1137)
at org.testng.TestNG.runSuites(TestNG.java:1049)
at org.testng.TestNG.run(TestNG.java:1017)
at org.testng.remote.AbstractRemoteTestNG.run(AbstractRemoteTestNG.java:114)
at org.testng.remote.RemoteTestNG.initAndRun(RemoteTestNG.java:251)
at org.testng.remote.RemoteTestNG.main(RemoteTestNG.java:77)
]]>
            </full-stacktrace>
          </exception> <!-- junit.framework.ComparisonFailure -->
          <reporter-output>
          </reporter-output>
        </test-method> <!-- validSignup -->
        <test-method status="PASS" signature="closeBrowser()[pri:0, instance:com.PlivoSDET1.DragTest@6451e]" name="closeBrowser" is-config="true" duration-ms="3256" started-at="2019-02-15T07:23:31Z" finished-at="2019-02-15T07:23:34Z">
          <reporter-output>
          </reporter-output>
        </test-method> <!-- closeBrowser -->
      </class> <!-- com.PlivoSDET1.DragTest -->
    </test> <!-- Default test -->
  </suite> <!-- Default suite -->
</testng-results>
